<?xml version="1.0" encoding="UTF-8"?>
<!-- Generated by org.testng.reporters.JUnitReportReporter -->
<testsuite hostname="LT-IND-56" failures="0" tests="4" name="com.kosmos.client.RestClient" time="15.815" errors="0" timestamp="2021-03-09T20:28:31 IST" skipped="0">
  <testcase classname="com.kosmos.client.RestClient" name="fetchEulaWhenStatustCode200" time="3.192"/>
  <testcase classname="com.kosmos.client.RestClient" name="fetchEulaWhenStatustCode200" time="4.088"/>
  <testcase classname="com.kosmos.client.RestClient" name="fetchEulaWhenStatustCode200" time="5.356"/>
  <testcase classname="com.kosmos.client.RestClient" name="fetchEulaWhenStatustCode200" time="3.179"/>
</testsuite> <!-- com.kosmos.client.RestClient -->
